Fri Jun 02 2017 22:28:08 GMT+0500 (PKT)
Fri Jun 02 2017 22:29:27 GMT+0500 (PKT): GET, /
Fri Jun 02 2017 22:29:37 GMT+0500 (PKT): GET, /about
Fri Jun 02 2017 22:33:51 GMT+0500 (PKT): GET, /
Fri Jun 02 2017 22:33:55 GMT+0500 (PKT): GET, /about
Fri Jun 02 2017 22:34:44 GMT+0500 (PKT): GET, /help
Fri Jun 02 2017 22:35:53 GMT+0500 (PKT): GET, /help.html
Fri Jun 02 2017 22:36:00 GMT+0500 (PKT): GET, /help.html
Fri Jun 02 2017 22:36:01 GMT+0500 (PKT): GET, /help.html
Fri Jun 02 2017 22:36:11 GMT+0500 (PKT): GET, /help.html
Tue Jun 06 2017 12:15:18 GMT+0500 (PKT): GET, /
Tue Jun 06 2017 12:15:18 GMT+0500 (PKT): GET, /favicon.ico
Tue Jun 06 2017 12:15:22 GMT+0500 (PKT): GET, /about
Tue Jun 06 2017 12:15:23 GMT+0500 (PKT): GET, /projects
Tue Jun 06 2017 12:15:25 GMT+0500 (PKT): GET, /about
Tue Jun 06 2017 12:15:26 GMT+0500 (PKT): GET, /
Tue Jun 06 2017 12:15:26 GMT+0500 (PKT): GET, /about
Tue Jun 06 2017 12:15:52 GMT+0500 (PKT): GET, /about
Tue Jun 06 2017 12:15:53 GMT+0500 (PKT): GET, /
Tue Jun 06 2017 12:16:11 GMT+0500 (PKT): GET, /
Tue Jun 06 2017 12:16:13 GMT+0500 (PKT): GET, /about
Tue Jun 06 2017 12:16:14 GMT+0500 (PKT): GET, /projects
